<?xml version="1.0" encoding="UTF-8"?>
<!-- Generated by org.testng.reporters.JUnitReportReporter -->
<testsuite hostname="LAPTOP-R5NV1QLO" failures="0" tests="1" name="Tests.FirstTest" time="8.245" errors="0" timestamp="2022-04-25T21:45:23 EDT" skipped="0">
  <testcase classname="Tests.FirstTest" name="home" time="8.245"/>
  <system-out/>
</testsuite> <!-- Tests.FirstTest -->
